0001/01/01 00:00:00.000  [M] [log.go:268]  [HTTP] http: superfluous response.WriteHeader call from github.com/beego/beego/v2/server/web/context.(*Response).WriteHeader (context.go:230)
2024/03/10 00:58:34.999  [D] [router.go:955]  |      127.0.0.1|[97;42m 200 [0m|  19.698833ms|   match|[97;44m GET     [0m /v1/parking-lot/1   r:/v1/parking-lot/:id
2024/03/10 00:58:54.775  [I] [main.go:19]  Database Connection Established
2024/03/10 00:58:54.784  [W] [admin.go:91]  now we don't start tasks here, if you use task module, please invoke task.StartTask, or task will not be executed
2024/03/10 00:58:54.785  [I] [admin.go:100]  Admin server Running on :9091
2024/03/10 00:58:55.072  [I] [parser.go:413]  generate router from comments
2024/03/10 00:58:55.075  [I] [server.go:241]  http server Running on http://:8080
2024/03/10 00:58:55.075  [I] [server.go:241]  http server Running on http://:9091
2024/03/10 00:58:57.262  [D] [router.go:955]  |      127.0.0.1|[97;42m 200 [0m|  18.072833ms|   match|[97;44m GET     [0m /v1/parking-lot/1   r:/v1/parking-lot/:id
2024/03/10 00:59:12.401  [I] [main.go:19]  Database Connection Established
2024/03/10 00:59:12.410  [W] [admin.go:91]  now we don't start tasks here, if you use task module, please invoke task.StartTask, or task will not be executed
2024/03/10 00:59:12.410  [I] [admin.go:100]  Admin server Running on :9091
2024/03/10 00:59:12.638  [I] [parser.go:413]  generate router from comments
2024/03/10 00:59:12.639  [I] [server.go:241]  http server Running on http://:8080
2024/03/10 00:59:12.639  [I] [server.go:241]  http server Running on http://:9091
2024/03/10 00:59:16.798  [D] [router.go:955]  |      127.0.0.1|[97;42m 200 [0m|  17.584125ms|   match|[97;44m GET     [0m /v1/parking-lot/1   r:/v1/parking-lot/:id
2024/03/10 00:59:32.433  [I] [main.go:19]  Database Connection Established
2024/03/10 00:59:32.436  [W] [admin.go:91]  now we don't start tasks here, if you use task module, please invoke task.StartTask, or task will not be executed
2024/03/10 00:59:32.437  [I] [admin.go:100]  Admin server Running on :9091
2024/03/10 00:59:32.725  [I] [parser.go:413]  generate router from comments
2024/03/10 00:59:32.726  [I] [server.go:241]  http server Running on http://:8080
2024/03/10 00:59:32.726  [I] [server.go:241]  http server Running on http://:9091
2024/03/10 00:59:34.244  [D] [router.go:955]  |      127.0.0.1|[97;42m 200 [0m|  17.009666ms|   match|[97;44m GET     [0m /v1/parking-lot/1   r:/v1/parking-lot/:id
2024/03/10 00:59:58.909  [C] [config.go:190]  the request url is  /v1/parking-lot
2024/03/10 00:59:58.909  [C] [config.go:191]  Handler crashed with error can't find templatefile in the path:views/parkinglotcontroller/getall.tpl
2024/03/10 00:59:58.909  [C] [config.go:197]  /Users/khanrubayat27/go/go1.21.4/src/runtime/panic.go:914
2024/03/10 00:59:58.909  [C] [config.go:197]  /Users/khanrubayat27/go/pkg/mod/github.com/beego/beego/v2@v2.0.1/server/web/template.go:75
2024/03/10 00:59:58.909  [C] [config.go:197]  /Users/khanrubayat27/go/pkg/mod/github.com/beego/beego/v2@v2.0.1/server/web/controller.go:311
2024/03/10 00:59:58.909  [C] [config.go:197]  /Users/khanrubayat27/go/pkg/mod/github.com/beego/beego/v2@v2.0.1/server/web/controller.go:262
2024/03/10 00:59:58.909  [C] [config.go:197]  /Users/khanrubayat27/go/pkg/mod/github.com/beego/beego/v2@v2.0.1/server/web/controller.go:239
2024/03/10 00:59:58.909  [C] [config.go:197]  /Users/khanrubayat27/go/pkg/mod/github.com/beego/beego/v2@v2.0.1/server/web/router.go:895
2024/03/10 00:59:58.909  [C] [config.go:197]  /Users/khanrubayat27/go/pkg/mod/github.com/beego/beego/v2@v2.0.1/server/web/filter.go:81
2024/03/10 00:59:58.909  [C] [config.go:197]  /Users/khanrubayat27/go/pkg/mod/github.com/beego/beego/v2@v2.0.1/server/web/router.go:664
2024/03/10 00:59:58.909  [C] [config.go:197]  /Users/khanrubayat27/go/go1.21.4/src/net/http/server.go:2938
2024/03/10 00:59:58.909  [C] [config.go:197]  /Users/khanrubayat27/go/go1.21.4/src/net/http/server.go:2009
2024/03/10 00:59:58.909  [C] [config.go:197]  /Users/khanrubayat27/go/go1.21.4/src/runtime/asm_arm64.s:1197
0001/01/01 00:00:00.000  [M] [log.go:268]  [HTTP] http: superfluous response.WriteHeader call from github.com/beego/beego/v2/server/web/context.(*Response).WriteHeader (context.go:230)
2024/03/10 01:00:07.088  [C] [config.go:190]  the request url is  /v1/parking-lot
2024/03/10 01:00:07.088  [C] [config.go:191]  Handler crashed with error can't find templatefile in the path:views/parkinglotcontroller/getall.tpl
2024/03/10 01:00:07.088  [C] [config.go:197]  /Users/khanrubayat27/go/go1.21.4/src/runtime/panic.go:914
2024/03/10 01:00:07.088  [C] [config.go:197]  /Users/khanrubayat27/go/pkg/mod/github.com/beego/beego/v2@v2.0.1/server/web/template.go:75
2024/03/10 01:00:07.088  [C] [config.go:197]  /Users/khanrubayat27/go/pkg/mod/github.com/beego/beego/v2@v2.0.1/server/web/controller.go:311
2024/03/10 01:00:07.088  [C] [config.go:197]  /Users/khanrubayat27/go/pkg/mod/github.com/beego/beego/v2@v2.0.1/server/web/controller.go:262
2024/03/10 01:00:07.088  [C] [config.go:197]  /Users/khanrubayat27/go/pkg/mod/github.com/beego/beego/v2@v2.0.1/server/web/controller.go:239
2024/03/10 01:00:07.088  [C] [config.go:197]  /Users/khanrubayat27/go/pkg/mod/github.com/beego/beego/v2@v2.0.1/server/web/router.go:895
2024/03/10 01:00:07.089  [C] [config.go:197]  /Users/khanrubayat27/go/pkg/mod/github.com/beego/beego/v2@v2.0.1/server/web/filter.go:81
2024/03/10 01:00:07.089  [C] [config.go:197]  /Users/khanrubayat27/go/pkg/mod/github.com/beego/beego/v2@v2.0.1/server/web/router.go:664
2024/03/10 01:00:07.089  [C] [config.go:197]  /Users/khanrubayat27/go/go1.21.4/src/net/http/server.go:2938
2024/03/10 01:00:07.089  [C] [config.go:197]  /Users/khanrubayat27/go/go1.21.4/src/net/http/server.go:2009
2024/03/10 01:00:07.089  [C] [config.go:197]  /Users/khanrubayat27/go/go1.21.4/src/runtime/asm_arm64.s:1197
